app/build/intermediates/manifest_merge_blame_file/debug/manifest-merger-blame-debug-report.txt
1<?xml version="1.0" encoding="utf-8"?>
2<manifest xmlns:android="http://schemas.android.com/apk/res/android"
3    package="com.example.projectstep4_cosc341"
4    android:versionCode="1"
5    android:versionName="1.0" >
6
7    <uses-sdk
8        android:minSdkVersion="22"
8-->src\main\AndroidManifest.xml
9        android:targetSdkVersion="32" />
9-->src\main\AndroidManifest.xml
10
11    <application
11-->src\main\AndroidManifest.xml:6:5-75:19
12        android:allowBackup="true"
12-->src\main\AndroidManifest.xml:7:9-35
13        android:appComponentFactory="androidx.core.app.CoreComponentFactory"
13-->[androidx.core:core:1.8.0] AndroidManifest.xml:24:18-86
14        android:dataExtractionRules="@xml/data_extraction_rules"
14-->src\main\AndroidManifest.xml:8:9-65
15        android:debuggable="true"
16        android:fullBackupContent="@xml/backup_rules"
16-->src\main\AndroidManifest.xml:9:9-54
17        android:icon="@mipmap/ic_launcher"
17-->src\main\AndroidManifest.xml:10:9-43
18        android:label="@string/app_name"
18-->src\main\AndroidManifest.xml:11:9-41
19        android:roundIcon="@mipmap/ic_launcher_round"
19-->src\main\AndroidManifest.xml:12:9-54
20        android:supportsRtl="true"
20-->src\main\AndroidManifest.xml:13:9-35
21        android:testOnly="true"
22        android:theme="@style/Theme.ProjectStep4COSC341" >
22-->src\main\AndroidManifest.xml:14:9-57
23        <activity
23-->src\main\AndroidManifest.xml:16:9-22:20
24            android:name="com.example.projectstep4_cosc341.viewMenu"
24-->src\main\AndroidManifest.xml:17:13-37
25            android:exported="false" >
25-->src\main\AndroidManifest.xml:18:13-37
26            <meta-data
26-->src\main\AndroidManifest.xml:19:13-21:36
27                android:name="android.app.lib_name"
27-->src\main\AndroidManifest.xml:20:17-52
28                android:value="" />
28-->src\main\AndroidManifest.xml:21:17-33
29        </activity>
30        <activity
30-->src\main\AndroidManifest.xml:23:9-29:20
31            android:name="com.example.projectstep4_cosc341.DeleteBrewReview"
31-->src\main\AndroidManifest.xml:24:13-45
32            android:exported="false" >
32-->src\main\AndroidManifest.xml:25:13-37
33            <meta-data
33-->src\main\AndroidManifest.xml:19:13-21:36
34                android:name="android.app.lib_name"
34-->src\main\AndroidManifest.xml:20:17-52
35                android:value="" />
35-->src\main\AndroidManifest.xml:21:17-33
36        </activity>
37        <activity
37-->src\main\AndroidManifest.xml:30:9-36:20
38            android:name="com.example.projectstep4_cosc341.DeleteBeerReview"
38-->src\main\AndroidManifest.xml:31:13-45
39            android:exported="false" >
39-->src\main\AndroidManifest.xml:32:13-37
40            <meta-data
40-->src\main\AndroidManifest.xml:19:13-21:36
41                android:name="android.app.lib_name"
41-->src\main\AndroidManifest.xml:20:17-52
42                android:value="" />
42-->src\main\AndroidManifest.xml:21:17-33
43        </activity>
44        <activity
44-->src\main\AndroidManifest.xml:37:9-43:20
45            android:name="com.example.projectstep4_cosc341.BrewReview"
45-->src\main\AndroidManifest.xml:38:13-39
46            android:exported="false" >
46-->src\main\AndroidManifest.xml:39:13-37
47            <meta-data
47-->src\main\AndroidManifest.xml:19:13-21:36
48                android:name="android.app.lib_name"
48-->src\main\AndroidManifest.xml:20:17-52
49                android:value="" />
49-->src\main\AndroidManifest.xml:21:17-33
50        </activity>
51        <activity
51-->src\main\AndroidManifest.xml:44:9-50:20
52            android:name="com.example.projectstep4_cosc341.BeerReview"
52-->src\main\AndroidManifest.xml:45:13-39
53            android:exported="false" >
53-->src\main\AndroidManifest.xml:46:13-37
54            <meta-data
54-->src\main\AndroidManifest.xml:19:13-21:36
55                android:name="android.app.lib_name"
55-->src\main\AndroidManifest.xml:20:17-52
56                android:value="" />
56-->src\main\AndroidManifest.xml:21:17-33
57        </activity>
58        <activity
58-->src\main\AndroidManifest.xml:51:9-53:40
59            android:name="com.example.projectstep4_cosc341.BreweriesList"
59-->src\main\AndroidManifest.xml:52:13-42
60            android:exported="false" />
60-->src\main\AndroidManifest.xml:53:13-37
61        <activity
61-->src\main\AndroidManifest.xml:54:9-61:20
62            android:name="com.example.projectstep4_cosc341.userProfile"
62-->src\main\AndroidManifest.xml:55:13-40
63            android:exported="false"
63-->src\main\AndroidManifest.xml:56:13-37
64            android:parentActivityName="com.example.projectstep4_cosc341.MainActivity" >
64-->src\main\AndroidManifest.xml:57:13-55
65            <meta-data
65-->src\main\AndroidManifest.xml:19:13-21:36
66                android:name="android.app.lib_name"
66-->src\main\AndroidManifest.xml:20:17-52
67                android:value="" />
67-->src\main\AndroidManifest.xml:21:17-33
68        </activity>
69        <activity
69-->src\main\AndroidManifest.xml:62:9-65:58
70            android:name="com.example.projectstep4_cosc341.Listview"
70-->src\main\AndroidManifest.xml:63:13-37
71            android:exported="false"
71-->src\main\AndroidManifest.xml:64:13-37
72            android:parentActivityName="com.example.projectstep4_cosc341.MainActivity" />
72-->src\main\AndroidManifest.xml:65:13-55
73        <activity
73-->src\main\AndroidManifest.xml:66:9-74:20
74            android:name="com.example.projectstep4_cosc341.MainActivity"
74-->src\main\AndroidManifest.xml:67:13-41
75            android:exported="true" >
75-->src\main\AndroidManifest.xml:68:13-36
76            <intent-filter>
76-->src\main\AndroidManifest.xml:69:13-73:29
77                <action android:name="android.intent.action.MAIN" />
77-->src\main\AndroidManifest.xml:70:17-69
77-->src\main\AndroidManifest.xml:70:25-66
78
79                <category android:name="android.intent.category.LAUNCHER" />
79-->src\main\AndroidManifest.xml:72:17-77
79-->src\main\AndroidManifest.xml:72:27-74
80            </intent-filter>
81        </activity>
82
83        <provider
83-->[androidx.emoji2:emoji2:1.2.0] AndroidManifest.xml:24:9-32:20
84            android:name="androidx.startup.InitializationProvider"
84-->[androidx.emoji2:emoji2:1.2.0] AndroidManifest.xml:25:13-67
85            android:authorities="com.example.projectstep4_cosc341.androidx-startup"
85-->[androidx.emoji2:emoji2:1.2.0] AndroidManifest.xml:26:13-68
86            android:exported="false" >
86-->[androidx.emoji2:emoji2:1.2.0] AndroidManifest.xml:27:13-37
87            <meta-data
87-->[androidx.emoji2:emoji2:1.2.0] AndroidManifest.xml:29:13-31:52
88                android:name="androidx.emoji2.text.EmojiCompatInitializer"
88-->[androidx.emoji2:emoji2:1.2.0] AndroidManifest.xml:30:17-75
89                android:value="androidx.startup" />
89-->[androidx.emoji2:emoji2:1.2.0] AndroidManifest.xml:31:17-49
90            <meta-data
90-->[androidx.lifecycle:lifecycle-process:2.4.1] AndroidManifest.xml:31:13-33:52
91                android:name="androidx.lifecycle.ProcessLifecycleInitializer"
91-->[androidx.lifecycle:lifecycle-process:2.4.1] AndroidManifest.xml:32:17-78
92                android:value="androidx.startup" />
92-->[androidx.lifecycle:lifecycle-process:2.4.1] AndroidManifest.xml:33:17-49
93        </provider>
94    </application>
95
96</manifest>